2020-06-14 08:47:42 - Starting TaskBunnySpringApplication on Tharindra with PID 8688 (C:\Users\terry\OneDrive\Desktop\Java\task-bunny-spring\target\classes started by terry in C:\Users\terry\OneDrive\Desktop\Java\task-bunny-spring)
2020-06-14 08:47:42 - No active profile set, falling back to default profiles: default
2020-06-14 08:47:44 - Bootstrapping Spring Data JPA repositories in DEFERRED mode.
2020-06-14 08:47:44 - Finished Spring Data repository scanning in 125ms. Found 4 JPA repository interfaces.
2020-06-14 08:47:45 - Tomcat initialized with port(s): 8081 (http)
2020-06-14 08:47:45 - Starting service [Tomcat]
2020-06-14 08:47:45 - Starting Servlet engine: [Apache Tomcat/9.0.35]
2020-06-14 08:47:45 - Initializing Spring embedded WebApplicationContext
2020-06-14 08:47:45 - Root WebApplicationContext: initialization completed in 2219 ms
2020-06-14 08:47:45 - Initializing ExecutorService 'applicationTaskExecutor'
2020-06-14 08:47:45 - HikariPool-1 - Starting...
2020-06-14 08:47:47 - HikariPool-1 - Start completed.
2020-06-14 08:47:47 - HHH000204: Processing PersistenceUnitInfo [name: default]
2020-06-14 08:47:47 - spring.jpa.open-in-view is enabled by default. Therefore, database queries may be performed during view rendering. Explicitly configure spring.jpa.open-in-view to disable this warning
2020-06-14 08:47:47 - HHH000412: Hibernate ORM core version 5.4.15.Final
2020-06-14 08:47:47 - HCANN000001: Hibernate Commons Annotations {5.1.0.Final}
2020-06-14 08:47:47 - HHH000400: Using dialect: org.hibernate.dialect.PostgreSQL10Dialect
2020-06-14 08:47:49 - HHH000490: Using JtaPlatform implementation: [org.hibernate.engine.transaction.jta.platform.internal.NoJtaPlatform]
2020-06-14 08:47:49 - Initialized JPA EntityManagerFactory for persistence unit 'default'
2020-06-14 08:47:49 - Tomcat started on port(s): 8081 (http) with context path ''
2020-06-14 08:47:49 - Triggering deferred initialization of Spring Data repositories…
2020-06-14 08:47:50 - Spring Data repositories initialized!
2020-06-14 08:47:50 - Started TaskBunnySpringApplication in 7.911 seconds (JVM running for 8.78)
2020-06-14 08:47:50 - App is Running Smoothly
2020-06-14 08:51:30 - Initializing Spring DispatcherServlet 'dispatcherServlet'
2020-06-14 08:51:30 - Initializing Servlet 'dispatcherServlet'
2020-06-14 08:51:30 - Completed initialization in 15 ms
2020-06-14 08:51:55 - Application shutdown requested.
2020-06-14 08:51:55 - Closing JPA EntityManagerFactory for persistence unit 'default'
2020-06-14 08:51:55 - Shutting down ExecutorService 'applicationTaskExecutor'
2020-06-14 08:51:55 - HikariPool-1 - Shutdown initiated...
2020-06-14 08:51:55 - HikariPool-1 - Shutdown completed.
